2021-11-18 01:38:06.712918: I tensorflow/stream_executor/platform/default/dso_loader.cc:53] Successfully opened dynamic library libcudart.so.10.2
2021-11-18 01:38:28.625909: I tensorflow/stream_executor/platform/default/dso_loader.cc:53] Successfully opened dynamic library libcuda.so.1
2021-11-18 01:38:28.672239: I tensorflow/stream_executor/cuda/cuda_gpu_executor.cc:1001] ARM64 does not support NUMA - returning NUMA node zero
2021-11-18 01:38:28.672396: I tensorflow/core/common_runtime/gpu/gpu_device.cc:1734] Found device 0 with properties: 
pciBusID: 0000:00:00.0 name: NVIDIA Tegra X1 computeCapability: 5.3
coreClock: 0.9216GHz coreCount: 1 deviceMemorySize: 3.87GiB deviceMemoryBandwidth: 194.55MiB/s
2021-11-18 01:38:28.672473: I tensorflow/stream_executor/platform/default/dso_loader.cc:53] Successfully opened dynamic library libcudart.so.10.2
2021-11-18 01:38:28.838727: I tensorflow/stream_executor/platform/default/dso_loader.cc:53] Successfully opened dynamic library libcublas.so.10
2021-11-18 01:38:28.839022: I tensorflow/stream_executor/platform/default/dso_loader.cc:53] Successfully opened dynamic library libcublasLt.so.10
2021-11-18 01:38:28.913100: I tensorflow/stream_executor/platform/default/dso_loader.cc:53] Successfully opened dynamic library libcufft.so.10
2021-11-18 01:38:29.024232: I tensorflow/stream_executor/platform/default/dso_loader.cc:53] Successfully opened dynamic library libcurand.so.10
2021-11-18 01:38:29.146681: I tensorflow/stream_executor/platform/default/dso_loader.cc:53] Successfully opened dynamic library libcusolver.so.10
2021-11-18 01:38:29.229856: I tensorflow/stream_executor/platform/default/dso_loader.cc:53] Successfully opened dynamic library libcusparse.so.10
2021-11-18 01:38:29.233308: I tensorflow/stream_executor/platform/default/dso_loader.cc:53] Successfully opened dynamic library libcudnn.so.8
2021-11-18 01:38:29.233640: I tensorflow/stream_executor/cuda/cuda_gpu_executor.cc:1001] ARM64 does not support NUMA - returning NUMA node zero
2021-11-18 01:38:29.233934: I tensorflow/stream_executor/cuda/cuda_gpu_executor.cc:1001] ARM64 does not support NUMA - returning NUMA node zero
2021-11-18 01:38:29.234072: I tensorflow/core/common_runtime/gpu/gpu_device.cc:1872] Adding visible gpu devices: 0
2021-11-18 01:38:29.237312: I tensorflow/stream_executor/cuda/cuda_gpu_executor.cc:1001] ARM64 does not support NUMA - returning NUMA node zero
2021-11-18 01:38:29.237454: I tensorflow/core/common_runtime/gpu/gpu_device.cc:1734] Found device 0 with properties: 
pciBusID: 0000:00:00.0 name: NVIDIA Tegra X1 computeCapability: 5.3
coreClock: 0.9216GHz coreCount: 1 deviceMemorySize: 3.87GiB deviceMemoryBandwidth: 194.55MiB/s
2021-11-18 01:38:29.237672: I tensorflow/stream_executor/cuda/cuda_gpu_executor.cc:1001] ARM64 does not support NUMA - returning NUMA node zero
2021-11-18 01:38:29.237890: I tensorflow/stream_executor/cuda/cuda_gpu_executor.cc:1001] ARM64 does not support NUMA - returning NUMA node zero
2021-11-18 01:38:29.237964: I tensorflow/core/common_runtime/gpu/gpu_device.cc:1872] Adding visible gpu devices: 0
2021-11-18 01:38:29.238097: I tensorflow/stream_executor/platform/default/dso_loader.cc:53] Successfully opened dynamic library libcudart.so.10.2
2021-11-18 01:38:34.447145: I tensorflow/core/common_runtime/gpu/gpu_device.cc:1258] Device interconnect StreamExecutor with strength 1 edge matrix:
2021-11-18 01:38:34.447241: I tensorflow/core/common_runtime/gpu/gpu_device.cc:1264]      0 
2021-11-18 01:38:34.447275: I tensorflow/core/common_runtime/gpu/gpu_device.cc:1277] 0:   N 
2021-11-18 01:38:34.447682: I tensorflow/stream_executor/cuda/cuda_gpu_executor.cc:1001] ARM64 does not support NUMA - returning NUMA node zero
2021-11-18 01:38:34.447984: I tensorflow/stream_executor/cuda/cuda_gpu_executor.cc:1001] ARM64 does not support NUMA - returning NUMA node zero
2021-11-18 01:38:34.448223: I tensorflow/stream_executor/cuda/cuda_gpu_executor.cc:1001] ARM64 does not support NUMA - returning NUMA node zero
2021-11-18 01:38:34.448358: I tensorflow/core/common_runtime/gpu/gpu_device.cc:1418] Created TensorFlow device (/job:localhost/replica:0/task:0/device:GPU:0 with 521 MB memory) -> physical GPU (device: 0, name: NVIDIA Tegra X1, pci bus id: 0000:00:00.0, compute capability: 5.3)
2021-11-18 01:38:35.017297: I tensorflow/core/platform/profile_utils/cpu_utils.cc:114] CPU Frequency: 19200000 Hz
2021-11-18 01:38:45.992066: I tensorflow/stream_executor/platform/default/dso_loader.cc:53] Successfully opened dynamic library libcudnn.so.8
2021-11-18 01:38:49.634532: I tensorflow/stream_executor/cuda/cuda_dnn.cc:380] Loaded cuDNN version 8201
2021-11-18 01:38:55.887235: I tensorflow/stream_executor/platform/default/dso_loader.cc:53] Successfully opened dynamic library libcublas.so.10
[[[0.65385985 0.5681301  0.76116335 0.6670807 ]
  [0.06547592 0.37928605 0.21383533 0.42117023]
  [0.07558654 0.1105722  0.21375068 0.15510747]
  [0.61474156 0.3605867  0.8459915  0.4385141 ]
  [0.6481194  0.15406734 0.80319995 0.20878574]
  [0.6642369  0.76009387 0.7621589  0.7915563 ]
  [0.63200563 0.3808084  0.83300203 0.43015295]
  [0.65481323 0.7007189  0.7419438  0.7350887 ]
  [0.6496822  0.43480426 0.75109476 0.45819908]
  [0.6462158  0.6293894  0.75326526 0.6847837 ]
  [0.6665332  0.52393275 0.73720425 0.5541157 ]
  [0.         0.         0.         0.        ]
  [0.         0.         0.         0.        ]
  [0.         0.         0.         0.        ]
  [0.         0.         0.         0.        ]
  [0.         0.         0.         0.        ]
  [0.         0.         0.         0.        ]
  [0.         0.         0.         0.        ]
  [0.         0.         0.         0.        ]
  [0.         0.         0.         0.        ]
  [0.         0.         0.         0.        ]
  [0.         0.         0.         0.        ]
  [0.         0.         0.         0.        ]
  [0.         0.         0.         0.        ]
  [0.         0.         0.         0.        ]
  [0.         0.         0.         0.        ]
  [0.         0.         0.         0.        ]
  [0.         0.         0.         0.        ]
  [0.         0.         0.         0.        ]
  [0.         0.         0.         0.        ]
  [0.         0.         0.         0.        ]
  [0.         0.         0.         0.        ]
  [0.         0.         0.         0.        ]
  [0.         0.         0.         0.        ]
  [0.         0.         0.         0.        ]
  [0.         0.         0.         0.        ]
  [0.         0.         0.         0.        ]
  [0.         0.         0.         0.        ]
  [0.         0.         0.         0.        ]
  [0.         0.         0.         0.        ]
  [0.         0.         0.         0.        ]
  [0.         0.         0.         0.        ]
  [0.         0.         0.         0.        ]
  [0.         0.         0.         0.        ]
  [0.         0.         0.         0.        ]
  [0.         0.         0.         0.        ]
  [0.         0.         0.         0.        ]
  [0.         0.         0.         0.        ]
  [0.         0.         0.         0.        ]
  [0.         0.         0.         0.        ]
  [0.         0.         0.         0.        ]
  [0.         0.         0.         0.        ]
  [0.         0.         0.         0.        ]
  [0.         0.         0.         0.        ]
  [0.         0.         0.         0.        ]
  [0.         0.         0.         0.        ]
  [0.         0.         0.         0.        ]
  [0.         0.         0.         0.        ]
  [0.         0.         0.         0.        ]
  [0.         0.         0.         0.        ]
  [0.         0.         0.         0.        ]
  [0.         0.         0.         0.        ]
  [0.         0.         0.         0.        ]
  [0.         0.         0.         0.        ]
  [0.         0.         0.         0.        ]
  [0.         0.         0.         0.        ]
  [0.         0.         0.         0.        ]
  [0.         0.         0.         0.        ]
  [0.         0.         0.         0.        ]
  [0.         0.         0.         0.        ]
  [0.         0.         0.         0.        ]
  [0.         0.         0.         0.        ]
  [0.         0.         0.         0.        ]
  [0.         0.         0.         0.        ]
  [0.         0.         0.         0.        ]
  [0.         0.         0.         0.        ]
  [0.         0.         0.         0.        ]
  [0.         0.         0.         0.        ]
  [0.         0.         0.         0.        ]
  [0.         0.         0.         0.        ]
  [0.         0.         0.         0.        ]
  [0.         0.         0.         0.        ]
  [0.         0.         0.         0.        ]
  [0.         0.         0.         0.        ]
  [0.         0.         0.         0.        ]
  [0.         0.         0.         0.        ]
  [0.         0.         0.         0.        ]
  [0.         0.         0.         0.        ]
  [0.         0.         0.         0.        ]
  [0.         0.         0.         0.        ]
  [0.         0.         0.         0.        ]
  [0.         0.         0.         0.        ]
  [0.         0.         0.         0.        ]
  [0.         0.         0.         0.        ]
  [0.         0.         0.         0.        ]
  [0.         0.         0.         0.        ]
  [0.         0.         0.         0.        ]
  [0.         0.         0.         0.        ]
  [0.         0.         0.         0.        ]
  [0.         0.         0.         0.        ]]]
[[0.95329475 0.8435467  0.82043105 0.5597014  0.5450352  0.53483933
  0.5317858  0.507932   0.41201714 0.33304307 0.30809245 0.
  0.         0.         0.         0.         0.         0.
  0.         0.         0.         0.         0.         0.
  0.         0.         0.         0.         0.         0.
  0.         0.         0.         0.         0.         0.
  0.         0.         0.         0.         0.         0.
  0.         0.         0.         0.         0.         0.
  0.         0.         0.         0.         0.         0.
  0.         0.         0.         0.         0.         0.
  0.         0.         0.         0.         0.         0.
  0.         0.         0.         0.         0.         0.
  0.         0.         0.         0.         0.         0.
  0.         0.         0.         0.         0.         0.
  0.         0.         0.         0.         0.         0.
  0.         0.         0.         0.         0.         0.
  0.         0.         0.         0.        ]]
[[ 3. 10. 10.  1.  1.  1.  1.  3.  1.  3.  3.  1.  1.  1.  1.  1.  1.  1.
   1.  1.  1.  1.  1.  1.  1.  1.  1.  1.  1.  1.  1.  1.  1.  1.  1.  1.
   1.  1.  1.  1.  1.  1.  1.  1.  1.  1.  1.  1.  1.  1.  1.  1.  1.  1.
   1.  1.  1.  1.  1.  1.  1.  1.  1.  1.  1.  1.  1.  1.  1.  1.  1.  1.
   1.  1.  1.  1.  1.  1.  1.  1.  1.  1.  1.  1.  1.  1.  1.  1.  1.  1.
   1.  1.  1.  1.  1.  1.  1.  1.  1.  1.]]
[11.]
